This is pdfTeX, Version 3.14159265-2.6-1.40.16 (TeX Live 2015/Debian) (preloaded format=pdflatex 2018.7.26)  9 SEP 2018 02:24
entering extended mode
 restricted \write18 enabled.
 %&-line parsing enabled.
**rms_slides2.tex
(./rms_slides2.tex
LaTeX2e <2016/02/01>
Babel <3.9q> and hyphenation patterns for 5 language(s) loaded.
(/usr/share/texlive/texmf-dist/tex/latex/beamer/beamer.cls
(/usr/share/texlive/texmf-dist/tex/latex/beamer/beamerbasercs.sty
Package: beamerbasercs 2015/03/08 (rcs-revision 368aa9ba9d38)
)
Document Class: beamer 2015/01/05 3.36 A class for typesetting presentations (r
cs-revision 8a39122e1f63)
(/usr/share/texlive/texmf-dist/tex/latex/beamer/beamerbasemodes.sty
Package: beamerbasemodes 2013/09/03 (rcs-revision 768f2d98ca64)
\beamer@tempbox=\box26
\beamer@tempcount=\count79
\c@beamerpauses=\count80

(/usr/share/texlive/texmf-dist/tex/latex/beamer/beamerbasedecode.sty
Package: beamerbasedecode 2010/05/01 (rcs-revision efa082c6111d)
\beamer@slideinframe=\count81
\beamer@minimum=\count82
)
\beamer@commentbox=\box27
\beamer@modecount=\count83
)
(/usr/share/texlive/texmf-dist/tex/generic/oberdiek/ifpdf.sty
Package: ifpdf 2011/01/30 v2.3 Provides the ifpdf switch (HO)
Package ifpdf Info: pdfTeX in PDF mode is detected.
)
\headheight=\dimen102
\headdp=\dimen103
\footheight=\dimen104
\sidebarheight=\dimen105
\beamer@tempdim=\dimen106
\beamer@finalheight=\dimen107
\beamer@animht=\dimen108
\beamer@animdp=\dimen109
\beamer@animwd=\dimen110
\beamer@leftmargin=\dimen111
\beamer@rightmargin=\dimen112
\beamer@leftsidebar=\dimen113
\beamer@rightsidebar=\dimen114
\beamer@boxsize=\dimen115
\beamer@vboxoffset=\dimen116
\beamer@descdefault=\dimen117
\beamer@descriptionwidth=\dimen118
\beamer@lastskip=\skip41
\beamer@areabox=\box28
\beamer@animcurrent=\box29
\beamer@animshowbox=\box30
\beamer@sectionbox=\box31
\beamer@logobox=\box32
\beamer@linebox=\box33
\beamer@sectioncount=\count84
\beamer@subsubsectionmax=\count85
\beamer@subsectionmax=\count86
\beamer@sectionmax=\count87
\beamer@totalheads=\count88
\beamer@headcounter=\count89
\beamer@partstartpage=\count90
\beamer@sectionstartpage=\count91
\beamer@subsectionstartpage=\count92
\beamer@animationtempa=\count93
\beamer@animationtempb=\count94
\beamer@xpos=\count95
\beamer@ypos=\count96
\beamer@showpartnumber=\count97
\beamer@currentsubsection=\count98
\beamer@coveringdepth=\count99
\beamer@sectionadjust=\count100
\beamer@tocsectionnumber=\count101

(/usr/share/texlive/texmf-dist/tex/latex/beamer/beamerbaseoptions.sty
Package: beamerbaseoptions 2013/03/10 (rcs-revision 47431932db0d)

(/usr/share/texlive/texmf-dist/tex/latex/graphics/keyval.sty
Package: keyval 2014/10/28 v1.15 key=value parser (DPC)
\KV@toks@=\toks14
))
\beamer@paperwidth=\skip42
\beamer@paperheight=\skip43

(/usr/share/texlive/texmf-dist/tex/latex/geometry/geometry.sty
Package: geometry 2010/09/12 v5.6 Page Geometry

(/usr/share/texlive/texmf-dist/tex/generic/oberdiek/ifvtex.sty
Package: ifvtex 2010/03/01 v1.5 Detect VTeX and its facilities (HO)
Package ifvtex Info: VTeX not detected.
)
(/usr/share/texlive/texmf-dist/tex/generic/ifxetex/ifxetex.sty
Package: ifxetex 2010/09/12 v0.6 Provides ifxetex conditional
)
\Gm@cnth=\count102
\Gm@cntv=\count103
\c@Gm@tempcnt=\count104
\Gm@bindingoffset=\dimen119
\Gm@wd@mp=\dimen120
\Gm@odd@mp=\dimen121
\Gm@even@mp=\dimen122
\Gm@layoutwidth=\dimen123
\Gm@layoutheight=\dimen124
\Gm@layouthoffset=\dimen125
\Gm@layoutvoffset=\dimen126
\Gm@dimlist=\toks15
)
(/usr/share/texlive/texmf-dist/tex/latex/base/size11.clo
File: size11.clo 2014/09/29 v1.4h Standard LaTeX file (size option)
)
(/usr/share/texlive/texmf-dist/tex/latex/pgf/basiclayer/pgfcore.sty
(/usr/share/texlive/texmf-dist/tex/latex/graphics/graphicx.sty
Package: graphicx 2014/10/28 v1.0g Enhanced LaTeX Graphics (DPC,SPQR)

(/usr/share/texlive/texmf-dist/tex/latex/graphics/graphics.sty
Package: graphics 2016/01/03 v1.0q Standard LaTeX Graphics (DPC,SPQR)

(/usr/share/texlive/texmf-dist/tex/latex/graphics/trig.sty
Package: trig 2016/01/03 v1.10 sin cos tan (DPC)
)
(/usr/share/texlive/texmf-dist/tex/latex/latexconfig/graphics.cfg
File: graphics.cfg 2010/04/23 v1.9 graphics configuration of TeX Live
)
Package graphics Info: Driver file: pdftex.def on input line 95.

(/usr/share/texlive/texmf-dist/tex/latex/pdftex-def/pdftex.def
File: pdftex.def 2011/05/27 v0.06d Graphics/color for pdfTeX

(/usr/share/texlive/texmf-dist/tex/generic/oberdiek/infwarerr.sty
Package: infwarerr 2010/04/08 v1.3 Providing info/warning/error messages (HO)
)
(/usr/share/texlive/texmf-dist/tex/generic/oberdiek/ltxcmds.sty
Package: ltxcmds 2011/11/09 v1.22 LaTeX kernel commands for general use (HO)
)
\Gread@gobject=\count105
))
\Gin@req@height=\dimen127
\Gin@req@width=\dimen128
)
(/usr/share/texlive/texmf-dist/tex/latex/pgf/systemlayer/pgfsys.sty
(/usr/share/texlive/texmf-dist/tex/latex/pgf/utilities/pgfrcs.sty
(/usr/share/texlive/texmf-dist/tex/generic/pgf/utilities/pgfutil-common.tex
\pgfutil@everybye=\toks16
\pgfutil@tempdima=\dimen129
\pgfutil@tempdimb=\dimen130

(/usr/share/texlive/texmf-dist/tex/generic/pgf/utilities/pgfutil-common-lists.t
ex)) (/usr/share/texlive/texmf-dist/tex/generic/pgf/utilities/pgfutil-latex.def
\pgfutil@abb=\box34
(/usr/share/texlive/texmf-dist/tex/latex/ms/everyshi.sty
Package: everyshi 2001/05/15 v3.00 EveryShipout Package (MS)
))
(/usr/share/texlive/texmf-dist/tex/generic/pgf/utilities/pgfrcs.code.tex
Package: pgfrcs 2015/08/07 v3.0.1a (rcs-revision 1.31)
))
(/usr/share/texlive/texmf-dist/tex/generic/pgf/systemlayer/pgfsys.code.tex
Package: pgfsys 2014/07/09 v3.0.1a (rcs-revision 1.48)

(/usr/share/texlive/texmf-dist/tex/generic/pgf/utilities/pgfkeys.code.tex
\pgfkeys@pathtoks=\toks17
\pgfkeys@temptoks=\toks18

(/usr/share/texlive/texmf-dist/tex/generic/pgf/utilities/pgfkeysfiltered.code.t
ex
\pgfkeys@tmptoks=\toks19
))
\pgf@x=\dimen131
\pgf@y=\dimen132
\pgf@xa=\dimen133
\pgf@ya=\dimen134
\pgf@xb=\dimen135
\pgf@yb=\dimen136
\pgf@xc=\dimen137
\pgf@yc=\dimen138
\w@pgf@writea=\write3
\r@pgf@reada=\read1
\c@pgf@counta=\count106
\c@pgf@countb=\count107
\c@pgf@countc=\count108
\c@pgf@countd=\count109
\t@pgf@toka=\toks20
\t@pgf@tokb=\toks21
\t@pgf@tokc=\toks22
 (/usr/share/texlive/texmf-dist/tex/generic/pgf/systemlayer/pgf.cfg
File: pgf.cfg 2008/05/14  (rcs-revision 1.7)
)
Driver file for pgf: pgfsys-pdftex.def

(/usr/share/texlive/texmf-dist/tex/generic/pgf/systemlayer/pgfsys-pdftex.def
File: pgfsys-pdftex.def 2014/10/11  (rcs-revision 1.35)

(/usr/share/texlive/texmf-dist/tex/generic/pgf/systemlayer/pgfsys-common-pdf.de
f
File: pgfsys-common-pdf.def 2013/10/10  (rcs-revision 1.13)
)))
(/usr/share/texlive/texmf-dist/tex/generic/pgf/systemlayer/pgfsyssoftpath.code.
tex
File: pgfsyssoftpath.code.tex 2013/09/09  (rcs-revision 1.9)
\pgfsyssoftpath@smallbuffer@items=\count110
\pgfsyssoftpath@bigbuffer@items=\count111
)
(/usr/share/texlive/texmf-dist/tex/generic/pgf/systemlayer/pgfsysprotocol.code.
tex
File: pgfsysprotocol.code.tex 2006/10/16  (rcs-revision 1.4)
)) (/usr/share/texlive/texmf-dist/tex/latex/xcolor/xcolor.sty
Package: xcolor 2007/01/21 v2.11 LaTeX color extensions (UK)

(/usr/share/texlive/texmf-dist/tex/latex/latexconfig/color.cfg
File: color.cfg 2007/01/18 v1.5 color configuration of teTeX/TeXLive
)
Package xcolor Info: Driver file: pdftex.def on input line 225.
Package xcolor Info: Model `cmy' substituted by `cmy0' on input line 1337.
Package xcolor Info: Model `hsb' substituted by `rgb' on input line 1341.
Package xcolor Info: Model `RGB' extended on input line 1353.
Package xcolor Info: Model `HTML' substituted by `rgb' on input line 1355.
Package xcolor Info: Model `Hsb' substituted by `hsb' on input line 1356.
Package xcolor Info: Model `tHsb' substituted by `hsb' on input line 1357.
Package xcolor Info: Model `HSB' substituted by `hsb' on input line 1358.
Package xcolor Info: Model `Gray' substituted by `gray' on input line 1359.
Package xcolor Info: Model `wave' substituted by `hsb' on input line 1360.
)
(/usr/share/texlive/texmf-dist/tex/generic/pgf/basiclayer/pgfcore.code.tex
Package: pgfcore 2010/04/11 v3.0.1a (rcs-revision 1.7)

(/usr/share/texlive/texmf-dist/tex/generic/pgf/math/pgfmath.code.tex
(/usr/share/texlive/texmf-dist/tex/generic/pgf/math/pgfmathcalc.code.tex
(/usr/share/texlive/texmf-dist/tex/generic/pgf/math/pgfmathutil.code.tex)
(/usr/share/texlive/texmf-dist/tex/generic/pgf/math/pgfmathparser.code.tex
\pgfmath@dimen=\dimen139
\pgfmath@count=\count112
\pgfmath@box=\box35
\pgfmath@toks=\toks23
\pgfmath@stack@operand=\toks24
\pgfmath@stack@operation=\toks25
)
(/usr/share/texlive/texmf-dist/tex/generic/pgf/math/pgfmathfunctions.code.tex
(/usr/share/texlive/texmf-dist/tex/generic/pgf/math/pgfmathfunctions.basic.code
.tex)
(/usr/share/texlive/texmf-dist/tex/generic/pgf/math/pgfmathfunctions.trigonomet
ric.code.tex)
(/usr/share/texlive/texmf-dist/tex/generic/pgf/math/pgfmathfunctions.random.cod
e.tex)
(/usr/share/texlive/texmf-dist/tex/generic/pgf/math/pgfmathfunctions.comparison
.code.tex)
(/usr/share/texlive/texmf-dist/tex/generic/pgf/math/pgfmathfunctions.base.code.
tex)
(/usr/share/texlive/texmf-dist/tex/generic/pgf/math/pgfmathfunctions.round.code
.tex)
(/usr/share/texlive/texmf-dist/tex/generic/pgf/math/pgfmathfunctions.misc.code.
tex)
(/usr/share/texlive/texmf-dist/tex/generic/pgf/math/pgfmathfunctions.integerari
thmetics.code.tex)))
(/usr/share/texlive/texmf-dist/tex/generic/pgf/math/pgfmathfloat.code.tex
\c@pgfmathroundto@lastzeros=\count113
))
(/usr/share/texlive/texmf-dist/tex/generic/pgf/basiclayer/pgfcorepoints.code.te
x
File: pgfcorepoints.code.tex 2013/10/07  (rcs-revision 1.27)
\pgf@picminx=\dimen140
\pgf@picmaxx=\dimen141
\pgf@picminy=\dimen142
\pgf@picmaxy=\dimen143
\pgf@pathminx=\dimen144
\pgf@pathmaxx=\dimen145
\pgf@pathminy=\dimen146
\pgf@pathmaxy=\dimen147
\pgf@xx=\dimen148
\pgf@xy=\dimen149
\pgf@yx=\dimen150
\pgf@yy=\dimen151
\pgf@zx=\dimen152
\pgf@zy=\dimen153
)
(/usr/share/texlive/texmf-dist/tex/generic/pgf/basiclayer/pgfcorepathconstruct.
code.tex
File: pgfcorepathconstruct.code.tex 2013/10/07  (rcs-revision 1.29)
\pgf@path@lastx=\dimen154
\pgf@path@lasty=\dimen155
)
(/usr/share/texlive/texmf-dist/tex/generic/pgf/basiclayer/pgfcorepathusage.code
.tex
File: pgfcorepathusage.code.tex 2014/11/02  (rcs-revision 1.24)
\pgf@shorten@end@additional=\dimen156
\pgf@shorten@start@additional=\dimen157
)
(/usr/share/texlive/texmf-dist/tex/generic/pgf/basiclayer/pgfcorescopes.code.te
x
File: pgfcorescopes.code.tex 2015/05/08  (rcs-revision 1.46)
\pgfpic=\box36
\pgf@hbox=\box37
\pgf@layerbox@main=\box38
\pgf@picture@serial@count=\count114
)
(/usr/share/texlive/texmf-dist/tex/generic/pgf/basiclayer/pgfcoregraphicstate.c
ode.tex
File: pgfcoregraphicstate.code.tex 2014/11/02  (rcs-revision 1.12)
\pgflinewidth=\dimen158
)
(/usr/share/texlive/texmf-dist/tex/generic/pgf/basiclayer/pgfcoretransformation
s.code.tex
File: pgfcoretransformations.code.tex 2015/08/07  (rcs-revision 1.20)
\pgf@pt@x=\dimen159
\pgf@pt@y=\dimen160
\pgf@pt@temp=\dimen161
)
(/usr/share/texlive/texmf-dist/tex/generic/pgf/basiclayer/pgfcorequick.code.tex
File: pgfcorequick.code.tex 2008/10/09  (rcs-revision 1.3)
)
(/usr/share/texlive/texmf-dist/tex/generic/pgf/basiclayer/pgfcoreobjects.code.t
ex
File: pgfcoreobjects.code.tex 2006/10/11  (rcs-revision 1.2)
)
(/usr/share/texlive/texmf-dist/tex/generic/pgf/basiclayer/pgfcorepathprocessing
.code.tex
File: pgfcorepathprocessing.code.tex 2013/09/09  (rcs-revision 1.9)
)
(/usr/share/texlive/texmf-dist/tex/generic/pgf/basiclayer/pgfcorearrows.code.te
x
File: pgfcorearrows.code.tex 2015/05/14  (rcs-revision 1.43)
\pgfarrowsep=\dimen162
)
(/usr/share/texlive/texmf-dist/tex/generic/pgf/basiclayer/pgfcoreshade.code.tex
File: pgfcoreshade.code.tex 2013/07/15  (rcs-revision 1.15)
\pgf@max=\dimen163
\pgf@sys@shading@range@num=\count115
)
(/usr/share/texlive/texmf-dist/tex/generic/pgf/basiclayer/pgfcoreimage.code.tex
File: pgfcoreimage.code.tex 2013/07/15  (rcs-revision 1.18)

(/usr/share/texlive/texmf-dist/tex/generic/pgf/basiclayer/pgfcoreexternal.code.
tex
File: pgfcoreexternal.code.tex 2014/07/09  (rcs-revision 1.21)
\pgfexternal@startupbox=\box39
))
(/usr/share/texlive/texmf-dist/tex/generic/pgf/basiclayer/pgfcorelayers.code.te
x
File: pgfcorelayers.code.tex 2013/07/18  (rcs-revision 1.7)
)
(/usr/share/texlive/texmf-dist/tex/generic/pgf/basiclayer/pgfcoretransparency.c
ode.tex
File: pgfcoretransparency.code.tex 2013/09/30  (rcs-revision 1.5)
)
(/usr/share/texlive/texmf-dist/tex/generic/pgf/basiclayer/pgfcorepatterns.code.
tex
File: pgfcorepatterns.code.tex 2013/11/07  (rcs-revision 1.5)
))) (/usr/share/texlive/texmf-dist/tex/latex/pgf/utilities/xxcolor.sty
Package: xxcolor 2003/10/24 ver 0.1
\XC@nummixins=\count116
\XC@countmixins=\count117
)
(/usr/share/texlive/texmf-dist/tex/generic/oberdiek/atbegshi.sty
Package: atbegshi 2011/10/05 v1.16 At begin shipout hook (HO)
)
(/usr/share/texlive/texmf-dist/tex/latex/hyperref/hyperref.sty
Package: hyperref 2012/11/06 v6.83m Hypertext links for LaTeX

(/usr/share/texlive/texmf-dist/tex/generic/oberdiek/hobsub-hyperref.sty
Package: hobsub-hyperref 2012/05/28 v1.13 Bundle oberdiek, subset hyperref (HO)


(/usr/share/texlive/texmf-dist/tex/generic/oberdiek/hobsub-generic.sty
Package: hobsub-generic 2012/05/28 v1.13 Bundle oberdiek, subset generic (HO)
Package: hobsub 2012/05/28 v1.13 Construct package bundles (HO)
Package hobsub Info: Skipping package `infwarerr' (already loaded).
Package hobsub Info: Skipping package `ltxcmds' (already loaded).
Package: ifluatex 2010/03/01 v1.3 Provides the ifluatex switch (HO)
Package ifluatex Info: LuaTeX not detected.
Package hobsub Info: Skipping package `ifvtex' (already loaded).
Package: intcalc 2007/09/27 v1.1 Expandable calculations with integers (HO)
Package hobsub Info: Skipping package `ifpdf' (already loaded).
Package: etexcmds 2011/02/16 v1.5 Avoid name clashes with e-TeX commands (HO)
Package etexcmds Info: Could not find \expanded.
(etexcmds)             That can mean that you are not using pdfTeX 1.50 or
(etexcmds)             that some package has redefined \expanded.
(etexcmds)             In the latter case, load this package earlier.
Package: kvsetkeys 2012/04/25 v1.16 Key value parser (HO)
Package: kvdefinekeys 2011/04/07 v1.3 Define keys (HO)
Package: pdftexcmds 2011/11/29 v0.20 Utility functions of pdfTeX for LuaTeX (HO
)
Package pdftexcmds Info: LuaTeX not detected.
Package pdftexcmds Info: \pdf@primitive is available.
Package pdftexcmds Info: \pdf@ifprimitive is available.
Package pdftexcmds Info: \pdfdraftmode found.
Package: pdfescape 2011/11/25 v1.13 Implements pdfTeX's escape features (HO)
Package: bigintcalc 2012/04/08 v1.3 Expandable calculations on big integers (HO
)
Package: bitset 2011/01/30 v1.1 Handle bit-vector datatype (HO)
Package: uniquecounter 2011/01/30 v1.2 Provide unlimited unique counter (HO)
)
Package hobsub Info: Skipping package `hobsub' (already loaded).
Package: letltxmacro 2010/09/02 v1.4 Let assignment for LaTeX macros (HO)
Package: hopatch 2012/05/28 v1.2 Wrapper for package hooks (HO)
Package: xcolor-patch 2011/01/30 xcolor patch
Package: atveryend 2011/06/30 v1.8 Hooks at the very end of document (HO)
Package atveryend Info: \enddocument detected (standard20110627).
Package hobsub Info: Skipping package `atbegshi' (already loaded).
Package: refcount 2011/10/16 v3.4 Data extraction from label references (HO)
Package: hycolor 2011/01/30 v1.7 Color options for hyperref/bookmark (HO)
)
(/usr/share/texlive/texmf-dist/tex/latex/oberdiek/auxhook.sty
Package: auxhook 2011/03/04 v1.3 Hooks for auxiliary files (HO)
)
(/usr/share/texlive/texmf-dist/tex/latex/oberdiek/kvoptions.sty
Package: kvoptions 2011/06/30 v3.11 Key value format for package options (HO)
)
\@linkdim=\dimen164
\Hy@linkcounter=\count118
\Hy@pagecounter=\count119

(/usr/share/texlive/texmf-dist/tex/latex/hyperref/pd1enc.def
File: pd1enc.def 2012/11/06 v6.83m Hyperref: PDFDocEncoding definition (HO)
)
\Hy@SavedSpaceFactor=\count120

(/usr/share/texlive/texmf-dist/tex/latex/latexconfig/hyperref.cfg
File: hyperref.cfg 2002/06/06 v1.2 hyperref configuration of TeXLive
)
Package hyperref Info: Option `bookmarks' set `true' on input line 4319.
Package hyperref Info: Option `bookmarksopen' set `true' on input line 4319.
Package hyperref Info: Option `implicit' set `false' on input line 4319.
Package hyperref Info: Hyper figures OFF on input line 4443.
Package hyperref Info: Link nesting OFF on input line 4448.
Package hyperref Info: Hyper index ON on input line 4451.
Package hyperref Info: Plain pages OFF on input line 4458.
Package hyperref Info: Backreferencing OFF on input line 4463.
Package hyperref Info: Implicit mode OFF; no redefinition of LaTeX internals.
Package hyperref Info: Bookmarks ON on input line 4688.
\c@Hy@tempcnt=\count121

(/usr/share/texlive/texmf-dist/tex/latex/url/url.sty
\Urlmuskip=\muskip10
Package: url 2013/09/16  ver 3.4  Verb mode for urls, etc.
)
LaTeX Info: Redefining \url on input line 5041.
\XeTeXLinkMargin=\dimen165
\Fld@menulength=\count122
\Field@Width=\dimen166
\Fld@charsize=\dimen167
Package hyperref Info: Hyper figures OFF on input line 6295.
Package hyperref Info: Link nesting OFF on input line 6300.
Package hyperref Info: Hyper index ON on input line 6303.
Package hyperref Info: backreferencing OFF on input line 6310.
Package hyperref Info: Link coloring OFF on input line 6315.
Package hyperref Info: Link coloring with OCG OFF on input line 6320.
Package hyperref Info: PDF/A mode OFF on input line 6325.
LaTeX Info: Redefining \ref on input line 6365.
LaTeX Info: Redefining \pageref on input line 6369.
\Hy@abspage=\count123


Package hyperref Message: Stopped early.

)

Package hyperref Message: Driver (autodetected): hpdftex.

(/usr/share/texlive/texmf-dist/tex/latex/hyperref/hpdftex.def
File: hpdftex.def 2012/11/06 v6.83m Hyperref driver for pdfTeX
\Fld@listcount=\count124
\c@bookmark@seq@number=\count125

(/usr/share/texlive/texmf-dist/tex/latex/oberdiek/rerunfilecheck.sty
Package: rerunfilecheck 2011/04/15 v1.7 Rerun checks for auxiliary files (HO)
Package uniquecounter Info: New unique counter `rerunfilecheck' on input line 2
82.
))
(/usr/share/texlive/texmf-dist/tex/latex/beamer/beamerbaserequires.sty
Package: beamerbaserequires 2010/05/01  (rcs-revision efa082c6111d)

(/usr/share/texlive/texmf-dist/tex/latex/beamer/beamerbasecompatibility.sty
Package: beamerbasecompatibility 2012/05/01  (rcs-revision 67c48b3b652d)
)
(/usr/share/texlive/texmf-dist/tex/latex/beamer/beamerbasefont.sty
Package: beamerbasefont 2015/01/05  (rcs-revision b4b4bee242e2)

(/usr/share/texlive/texmf-dist/tex/latex/amsfonts/amssymb.sty
Package: amssymb 2013/01/14 v3.01 AMS font symbols

(/usr/share/texlive/texmf-dist/tex/latex/amsfonts/amsfonts.sty
Package: amsfonts 2013/01/14 v3.01 Basic AMSFonts support
\@emptytoks=\toks26
\symAMSa=\mathgroup4
\symAMSb=\mathgroup5
LaTeX Font Info:    Overwriting math alphabet `\mathfrak' in version `bold'
(Font)                  U/euf/m/n --> U/euf/b/n on input line 106.
)))
(/usr/share/texlive/texmf-dist/tex/latex/beamer/beamerbasetranslator.sty
Package: beamerbasetranslator 2010/06/11  (rcs-revision 85fd1cc7fc42)

(/usr/share/texlive/texmf-dist/tex/latex/beamer/translator/translator.sty
Package: translator 2010/06/12 ver 1.10

(/usr/share/texlive/texmf-dist/tex/latex/beamer/translator/translator-language-
mappings.tex)))
(/usr/share/texlive/texmf-dist/tex/latex/beamer/beamerbasemisc.sty
Package: beamerbasemisc 2013/09/03  (rcs-revision a55719c41d85)
)
(/usr/share/texlive/texmf-dist/tex/latex/beamer/beamerbasetwoscreens.sty
Package: beamerbasetwoscreens 2010/05/01  (rcs-revision efa082c6111d)
)
(/usr/share/texlive/texmf-dist/tex/latex/beamer/beamerbaseoverlay.sty
Package: beamerbaseoverlay 2013/12/25  (rcs-revision f6bd5e3805da)
\beamer@argscount=\count126
\beamer@lastskipcover=\skip44
\beamer@trivlistdepth=\count127
)
(/usr/share/texlive/texmf-dist/tex/latex/beamer/beamerbasetitle.sty
Package: beamerbasetitle 2010/09/21  (rcs-revision f0446ed0b6ae)
)
(/usr/share/texlive/texmf-dist/tex/latex/beamer/beamerbasesection.sty
Package: beamerbasesection 2013/06/07  (rcs-revision 60b9fe0f342f)
\c@lecture=\count128
\c@part=\count129
\c@section=\count130
\c@subsection=\count131
\c@subsubsection=\count132
)
(/usr/share/texlive/texmf-dist/tex/latex/beamer/beamerbaseframe.sty
Package: beamerbaseframe 2014/02/20  (rcs-revision 4b8ceeeff434)
\beamer@framebox=\box40
\beamer@frametitlebox=\box41
\beamer@zoombox=\box42
\beamer@zoomcount=\count133
\beamer@zoomframecount=\count134
\beamer@frametextheight=\dimen168
\c@subsectionslide=\count135
\beamer@frametopskip=\skip45
\beamer@framebottomskip=\skip46
\beamer@frametopskipautobreak=\skip47
\beamer@framebottomskipautobreak=\skip48
\beamer@envbody=\toks27
\framewidth=\dimen169
\c@framenumber=\count136
)
(/usr/share/texlive/texmf-dist/tex/latex/beamer/beamerbaseverbatim.sty
Package: beamerbaseverbatim 2015/01/05  (rcs-revision 431510bb5890)
\beamer@verbatimfileout=\write4
)
(/usr/share/texlive/texmf-dist/tex/latex/beamer/beamerbaseframesize.sty
Package: beamerbaseframesize 2011/09/12  (rcs-revision 70f9d8411e54)
\beamer@splitbox=\box43
\beamer@autobreakcount=\count137
\beamer@autobreaklastheight=\dimen170
\beamer@frametitletoks=\toks28
\beamer@framesubtitletoks=\toks29
)
(/usr/share/texlive/texmf-dist/tex/latex/beamer/beamerbaseframecomponents.sty
Package: beamerbaseframecomponents 2013/10/18  (rcs-revision 5cf6c5555a45)
\beamer@footins=\box44
)
(/usr/share/texlive/texmf-dist/tex/latex/beamer/beamerbasecolor.sty
Package: beamerbasecolor 2015/02/21  (rcs-revision d944b04ee2d5)
)
(/usr/share/texlive/texmf-dist/tex/latex/beamer/beamerbasenotes.sty
Package: beamerbasenotes 2012/12/19  (rcs-revision 1686da3db3c9)
\beamer@frameboxcopy=\box45
)
(/usr/share/texlive/texmf-dist/tex/latex/beamer/beamerbasetoc.sty
Package: beamerbasetoc 2015/03/08  (rcs-revision 7270298bbaae)
)
(/usr/share/texlive/texmf-dist/tex/latex/beamer/beamerbasetemplates.sty
Package: beamerbasetemplates 2010/05/01  (rcs-revision efa082c6111d)
\beamer@sbttoks=\toks30

(/usr/share/texlive/texmf-dist/tex/latex/beamer/beamerbaseauxtemplates.sty
Package: beamerbaseauxtemplates 2014/06/30  (rcs-revision 580088513a67)

(/usr/share/texlive/texmf-dist/tex/latex/beamer/beamerbaseboxes.sty
Package: beamerbaseboxes 2012/05/13  (rcs-revision 56972908a390)
\bmb@box=\box46
\bmb@colorbox=\box47
\bmb@boxshadow=\box48
\bmb@boxshadowball=\box49
\bmb@boxshadowballlarge=\box50
\bmb@temp=\dimen171
\bmb@dima=\dimen172
\bmb@dimb=\dimen173
\bmb@prevheight=\dimen174
)
\beamer@blockheadheight=\dimen175
))
(/usr/share/texlive/texmf-dist/tex/latex/beamer/beamerbaselocalstructure.sty
Package: beamerbaselocalstructure 2014/09/10  (rcs-revision 393f6dcff371)

(/usr/share/texlive/texmf-dist/tex/latex/tools/enumerate.sty
Package: enumerate 2015/07/23 v3.00 enumerate extensions (DPC)
\@enLab=\toks31
)
\c@figure=\count138
\c@table=\count139
\abovecaptionskip=\skip49
\belowcaptionskip=\skip50
)
(/usr/share/texlive/texmf-dist/tex/latex/beamer/beamerbasenavigation.sty
Package: beamerbasenavigation 2015/02/27  (rcs-revision 923f4bf87efa)
\beamer@section@min@dim=\dimen176
)
(/usr/share/texlive/texmf-dist/tex/latex/beamer/beamerbasetheorems.sty
Package: beamerbasetheorems 2010/06/06  (rcs-revision 7e7cc5e53e9d)

(/usr/share/texlive/texmf-dist/tex/latex/amsmath/amsmath.sty
Package: amsmath 2016/03/03 v2.15a AMS math features
\@mathmargin=\skip51

For additional information on amsmath, use the `?' option.
(/usr/share/texlive/texmf-dist/tex/latex/amsmath/amstext.sty
Package: amstext 2000/06/29 v2.01 AMS text

(/usr/share/texlive/texmf-dist/tex/latex/amsmath/amsgen.sty
File: amsgen.sty 1999/11/30 v2.0 generic functions
\@emptytoks=\toks32
\ex@=\dimen177
))
(/usr/share/texlive/texmf-dist/tex/latex/amsmath/amsbsy.sty
Package: amsbsy 1999/11/29 v1.2d Bold Symbols
\pmbraise@=\dimen178
)
(/usr/share/texlive/texmf-dist/tex/latex/amsmath/amsopn.sty
Package: amsopn 1999/12/14 v2.01 operator names
)
\inf@bad=\count140
LaTeX Info: Redefining \frac on input line 199.
\uproot@=\count141
\leftroot@=\count142
LaTeX Info: Redefining \overline on input line 297.
\classnum@=\count143
\DOTSCASE@=\count144
LaTeX Info: Redefining \ldots on input line 394.
LaTeX Info: Redefining \dots on input line 397.
LaTeX Info: Redefining \cdots on input line 518.
\Mathstrutbox@=\box51
\strutbox@=\box52
\big@size=\dimen179
LaTeX Font Info:    Redeclaring font encoding OML on input line 630.
LaTeX Font Info:    Redeclaring font encoding OMS on input line 631.
\macc@depth=\count145
\c@MaxMatrixCols=\count146
\dotsspace@=\muskip11
\c@parentequation=\count147
\dspbrk@lvl=\count148
\tag@help=\toks33
\row@=\count149
\column@=\count150
\maxfields@=\count151
\andhelp@=\toks34
\eqnshift@=\dimen180
\alignsep@=\dimen181
\tagshift@=\dimen182
\tagwidth@=\dimen183
\totwidth@=\dimen184
\lineht@=\dimen185
\@envbody=\toks35
\multlinegap=\skip52
\multlinetaggap=\skip53
\mathdisplay@stack=\toks36
LaTeX Info: Redefining \[ on input line 2735.
LaTeX Info: Redefining \] on input line 2736.
)
(/usr/share/texlive/texmf-dist/tex/latex/amscls/amsthm.sty
Package: amsthm 2015/03/04 v2.20.2
\thm@style=\toks37
\thm@bodyfont=\toks38
\thm@headfont=\toks39
\thm@notefont=\toks40
\thm@headpunct=\toks41
\thm@preskip=\skip54
\thm@postskip=\skip55
\thm@headsep=\skip56
\dth@everypar=\toks42
)
\c@theorem=\count152
)
(/usr/share/texlive/texmf-dist/tex/latex/beamer/beamerbasethemes.sty
Package: beamerbasethemes 2010/05/01  (rcs-revision efa082c6111d)
))
(/usr/share/texlive/texmf-dist/tex/latex/beamer/themes/theme/beamerthemedefault
.sty
Package: beamerthemedefault 2010/06/17  (rcs-revision d02a7cf4d8ae)

(/usr/share/texlive/texmf-dist/tex/latex/beamer/themes/font/beamerfontthemedefa
ult.sty
Package: beamerfontthemedefault 2012/12/19  (rcs-revision 1686da3db3c9)
)
(/usr/share/texlive/texmf-dist/tex/latex/beamer/themes/color/beamercolorthemede
fault.sty
Package: beamercolorthemedefault 2012/12/19  (rcs-revision 1686da3db3c9)
)
(/usr/share/texlive/texmf-dist/tex/latex/beamer/themes/inner/beamerinnerthemede
fault.sty
Package: beamerinnerthemedefault 2014/06/30  (rcs-revision 580088513a67)
\beamer@dima=\dimen186
\beamer@dimb=\dimen187
)
(/usr/share/texlive/texmf-dist/tex/latex/beamer/themes/outer/beamerouterthemede
fault.sty
Package: beamerouterthemedefault 2012/12/19  (rcs-revision 1686da3db3c9)
))) (/usr/share/texmf/tex/latex/lm/lmodern.sty
Package: lmodern 2009/10/30 v1.6 Latin Modern Fonts
LaTeX Font Info:    Overwriting symbol font `operators' in version `normal'
(Font)                  OT1/cmr/m/n --> OT1/lmr/m/n on input line 22.
LaTeX Font Info:    Overwriting symbol font `letters' in version `normal'
(Font)                  OML/cmm/m/it --> OML/lmm/m/it on input line 23.
LaTeX Font Info:    Overwriting symbol font `symbols' in version `normal'
(Font)                  OMS/cmsy/m/n --> OMS/lmsy/m/n on input line 24.
LaTeX Font Info:    Overwriting symbol font `largesymbols' in version `normal'
(Font)                  OMX/cmex/m/n --> OMX/lmex/m/n on input line 25.
LaTeX Font Info:    Overwriting symbol font `operators' in version `bold'
(Font)                  OT1/cmr/bx/n --> OT1/lmr/bx/n on input line 26.
LaTeX Font Info:    Overwriting symbol font `letters' in version `bold'
(Font)                  OML/cmm/b/it --> OML/lmm/b/it on input line 27.
LaTeX Font Info:    Overwriting symbol font `symbols' in version `bold'
(Font)                  OMS/cmsy/b/n --> OMS/lmsy/b/n on input line 28.
LaTeX Font Info:    Overwriting symbol font `largesymbols' in version `bold'
(Font)                  OMX/cmex/m/n --> OMX/lmex/m/n on input line 29.
LaTeX Font Info:    Overwriting math alphabet `\mathbf' in version `normal'
(Font)                  OT1/cmr/bx/n --> OT1/lmr/bx/n on input line 31.
LaTeX Font Info:    Overwriting math alphabet `\mathsf' in version `normal'
(Font)                  OT1/cmss/m/n --> OT1/lmss/m/n on input line 32.
LaTeX Font Info:    Overwriting math alphabet `\mathit' in version `normal'
(Font)                  OT1/cmr/m/it --> OT1/lmr/m/it on input line 33.
LaTeX Font Info:    Overwriting math alphabet `\mathtt' in version `normal'
(Font)                  OT1/cmtt/m/n --> OT1/lmtt/m/n on input line 34.
LaTeX Font Info:    Overwriting math alphabet `\mathbf' in version `bold'
(Font)                  OT1/cmr/bx/n --> OT1/lmr/bx/n on input line 35.
LaTeX Font Info:    Overwriting math alphabet `\mathsf' in version `bold'
(Font)                  OT1/cmss/bx/n --> OT1/lmss/bx/n on input line 36.
LaTeX Font Info:    Overwriting math alphabet `\mathit' in version `bold'
(Font)                  OT1/cmr/bx/it --> OT1/lmr/bx/it on input line 37.
LaTeX Font Info:    Overwriting math alphabet `\mathtt' in version `bold'
(Font)                  OT1/cmtt/m/n --> OT1/lmtt/m/n on input line 38.
)
(/usr/share/texlive/texmf-dist/tex/latex/base/fontenc.sty
Package: fontenc 2005/09/27 v1.99g Standard LaTeX package

(/usr/share/texlive/texmf-dist/tex/latex/base/t1enc.def
File: t1enc.def 2005/09/27 v1.99g Standard LaTeX file
LaTeX Font Info:    Redeclaring font encoding T1 on input line 48.
))
(/usr/share/texlive/texmf-dist/tex/latex/base/inputenc.sty
Package: inputenc 2015/03/17 v1.2c Input encoding file
\inpenc@prehook=\toks43
\inpenc@posthook=\toks44

(/usr/share/texlive/texmf-dist/tex/latex/base/latin9.def
File: latin9.def 2015/03/17 v1.2c Input encoding file
))
(/usr/share/texlive/texmf-dist/tex/latex/tools/array.sty
Package: array 2014/10/28 v2.4c Tabular extension package (FMi)
\col@sep=\dimen188
\extrarowheight=\dimen189
\NC@list=\toks45
\extratabsurround=\skip57
\backup@length=\skip58
)
(/usr/share/texlive/texmf-dist/tex/latex/rotating/rotating.sty
Package: rotating 2009/03/28 v2.16a rotated objects in LaTeX

(/usr/share/texlive/texmf-dist/tex/latex/base/ifthen.sty
Package: ifthen 2014/09/29 v1.1c Standard LaTeX ifthen package (DPC)
)
\c@r@tfl@t=\count153
\rotFPtop=\skip59
\rotFPbot=\skip60
\rot@float@box=\box53
\rot@mess@toks=\toks46
)
(/usr/share/texlive/texmf-dist/tex/latex/multirow/multirow.sty
\bigstrutjot=\dimen190
)
(/usr/share/texlive/texmf-dist/tex/latex/beamer/themes/theme/beamerthemeWarsaw.
sty
Package: beamerthemeWarsaw 2010/06/17  (rcs-revision d02a7cf4d8ae)

(/usr/share/texlive/texmf-dist/tex/latex/beamer/themes/inner/beamerinnerthemero
unded.sty
Package: beamerinnerthemerounded 2010/06/17  (rcs-revision d02a7cf4d8ae)
)
(/usr/share/texlive/texmf-dist/tex/latex/beamer/themes/outer/beamerouterthemesh
adow.sty
Package: beamerouterthemeshadow 2010/06/17  (rcs-revision d02a7cf4d8ae)

(/usr/share/texlive/texmf-dist/tex/latex/beamer/themes/outer/beamerouterthemesp
lit.sty
Package: beamerouterthemesplit 2012/10/16  (rcs-revision 51a8c72084af)
))
(/usr/share/texlive/texmf-dist/tex/latex/beamer/themes/color/beamercolorthemeor
chid.sty
Package: beamercolorthemeorchid 2010/06/17  (rcs-revision d02a7cf4d8ae)
)
(/usr/share/texlive/texmf-dist/tex/latex/beamer/themes/color/beamercolorthemewh
ale.sty
Package: beamercolorthemewhale 2010/06/17  (rcs-revision d02a7cf4d8ae)
))
(/usr/share/texlive/texmf-dist/tex/latex/beamer/multimedia/multimedia.sty
Package: multimedia 2012/05/02 ver 0.02
\mm@movie=\count154
)
(/usr/share/texlive/texmf-dist/tex/generic/babel/babel.sty
Package: babel 2016/02/24 3.9q The Babel package

(/usr/share/texlive/texmf-dist/tex/generic/babel-english/english.ldf
Language: english 2012/08/20 v3.3p English support from the babel system

(/usr/share/texlive/texmf-dist/tex/generic/babel/babel.def
File: babel.def 2016/02/24 3.9q Babel common definitions
\babel@savecnt=\count155
\U@D=\dimen191
LaTeX Info: Redefining \textlatin on input line 1448.
)
\l@canadian = a dialect from \language\l@american 
\l@australian = a dialect from \language\l@british 
\l@newzealand = a dialect from \language\l@british 
))
(./rms_slides2.aux)
\openout1 = `rms_slides2.aux'.

LaTeX Font Info:    Checking defaults for OML/cmm/m/it on input line 58.
LaTeX Font Info:    ... okay on input line 58.
LaTeX Font Info:    Checking defaults for T1/cmr/m/n on input line 58.
LaTeX Font Info:    ... okay on input line 58.
LaTeX Font Info:    Checking defaults for OT1/cmr/m/n on input line 58.
LaTeX Font Info:    ... okay on input line 58.
LaTeX Font Info:    Checking defaults for OMS/cmsy/m/n on input line 58.
LaTeX Font Info:    ... okay on input line 58.
LaTeX Font Info:    Checking defaults for OMX/cmex/m/n on input line 58.
LaTeX Font Info:    ... okay on input line 58.
LaTeX Font Info:    Checking defaults for U/cmr/m/n on input line 58.
LaTeX Font Info:    ... okay on input line 58.
LaTeX Font Info:    Checking defaults for PD1/pdf/m/n on input line 58.
LaTeX Font Info:    ... okay on input line 58.
LaTeX Font Info:    Try loading font information for T1+lmss on input line 58.
 (/usr/share/texmf/tex/latex/lm/t1lmss.fd
File: t1lmss.fd 2009/10/30 v1.6 Font defs for Latin Modern
)
*geometry* driver: auto-detecting
*geometry* detected driver: pdftex
*geometry* verbose mode - [ preamble ] result:
* driver: pdftex
* paper: custom
* layout: <same size as paper>
* layoutoffset:(h,v)=(0.0pt,0.0pt)
* modes: includehead includefoot 
* h-part:(L,W,R)=(28.45274pt, 307.28987pt, 28.45274pt)
* v-part:(T,H,B)=(0.0pt, 273.14662pt, 0.0pt)
* \paperwidth=364.19536pt
* \paperheight=273.14662pt
* \textwidth=307.28987pt
* \textheight=244.6939pt
* \oddsidemargin=-43.81725pt
* \evensidemargin=-43.81725pt
* \topmargin=-72.26999pt
* \headheight=14.22636pt
* \headsep=0.0pt
* \topskip=11.0pt
* \footskip=14.22636pt
* \marginparwidth=4.0pt
* \marginparsep=10.0pt
* \columnsep=10.0pt
* \skip\footins=10.0pt plus 4.0pt minus 2.0pt
* \hoffset=0.0pt
* \voffset=0.0pt
* \mag=1000
* \@twocolumnfalse
* \@twosidefalse
* \@mparswitchfalse
* \@reversemarginfalse
* (1in=72.27pt=25.4mm, 1cm=28.453pt)

(/usr/share/texlive/texmf-dist/tex/context/base/supp-pdf.mkii
[Loading MPS to PDF converter (version 2006.09.02).]
\scratchcounter=\count156
\scratchdimen=\dimen192
\scratchbox=\box54
\nofMPsegments=\count157
\nofMParguments=\count158
\everyMPshowfont=\toks47
\MPscratchCnt=\count159
\MPscratchDim=\dimen193
\MPnumerator=\count160
\makeMPintoPDFobject=\count161
\everyMPtoPDFconversion=\toks48
) (/usr/share/texlive/texmf-dist/tex/latex/oberdiek/epstopdf-base.sty
Package: epstopdf-base 2010/02/09 v2.5 Base part for package epstopdf

(/usr/share/texlive/texmf-dist/tex/latex/oberdiek/grfext.sty
Package: grfext 2010/08/19 v1.1 Manage graphics extensions (HO)
)
Package grfext Info: Graphics extension search list:
(grfext)             [.png,.pdf,.jpg,.mps,.jpeg,.jbig2,.jb2,.PNG,.PDF,.JPG,.JPE
G,.JBIG2,.JB2,.eps]
(grfext)             \AppendGraphicsExtensions on input line 452.

(/usr/share/texlive/texmf-dist/tex/latex/latexconfig/epstopdf-sys.cfg
File: epstopdf-sys.cfg 2010/07/13 v1.3 Configuration of (r)epstopdf for TeX Liv
e
))
ABD: EveryShipout initializing macros
\AtBeginShipoutBox=\box55
Package hyperref Info: Link coloring OFF on input line 58.

(/usr/share/texlive/texmf-dist/tex/latex/hyperref/nameref.sty
Package: nameref 2012/10/27 v2.43 Cross-referencing by name of section

(/usr/share/texlive/texmf-dist/tex/generic/oberdiek/gettitlestring.sty
Package: gettitlestring 2010/12/03 v1.4 Cleanup title references (HO)
)
\c@section@level=\count162
)
LaTeX Info: Redefining \ref on input line 58.
LaTeX Info: Redefining \pageref on input line 58.
LaTeX Info: Redefining \nameref on input line 58.

(./rms_slides2.out) (./rms_slides2.out)
\@outlinefile=\write5
\openout5 = `rms_slides2.out'.

LaTeX Font Info:    Overwriting symbol font `operators' in version `normal'
(Font)                  OT1/lmr/m/n --> OT1/cmss/m/n on input line 58.
LaTeX Font Info:    Overwriting symbol font `operators' in version `bold'
(Font)                  OT1/lmr/bx/n --> OT1/cmss/bx/n on input line 58.
LaTeX Font Info:    Overwriting symbol font `operators' in version `normal'
(Font)                  OT1/cmss/m/n --> OT1/lmss/m/n on input line 58.
LaTeX Font Info:    Overwriting symbol font `operators' in version `bold'
(Font)                  OT1/cmss/bx/n --> OT1/lmss/bx/n on input line 58.
\symnumbers=\mathgroup6
\sympureletters=\mathgroup7
LaTeX Font Info:    Overwriting math alphabet `\mathrm' in version `normal'
(Font)                  OT1/lmss/m/n --> T1/lmr/m/n on input line 58.
LaTeX Font Info:    Redeclaring math alphabet \mathbf on input line 58.
LaTeX Font Info:    Overwriting math alphabet `\mathbf' in version `normal'
(Font)                  OT1/lmr/bx/n --> T1/lmss/bx/n on input line 58.
LaTeX Font Info:    Overwriting math alphabet `\mathbf' in version `bold'
(Font)                  OT1/lmr/bx/n --> T1/lmss/bx/n on input line 58.
LaTeX Font Info:    Redeclaring math alphabet \mathsf on input line 58.
LaTeX Font Info:    Overwriting math alphabet `\mathsf' in version `normal'
(Font)                  OT1/lmss/m/n --> T1/lmss/m/n on input line 58.
LaTeX Font Info:    Overwriting math alphabet `\mathsf' in version `bold'
(Font)                  OT1/lmss/bx/n --> T1/lmss/m/n on input line 58.
LaTeX Font Info:    Redeclaring math alphabet \mathit on input line 58.
LaTeX Font Info:    Overwriting math alphabet `\mathit' in version `normal'
(Font)                  OT1/lmr/m/it --> T1/lmss/m/it on input line 58.
LaTeX Font Info:    Overwriting math alphabet `\mathit' in version `bold'
(Font)                  OT1/lmr/bx/it --> T1/lmss/m/it on input line 58.
LaTeX Font Info:    Redeclaring math alphabet \mathtt on input line 58.
LaTeX Font Info:    Overwriting math alphabet `\mathtt' in version `normal'
(Font)                  OT1/lmtt/m/n --> T1/lmtt/m/n on input line 58.
LaTeX Font Info:    Overwriting math alphabet `\mathtt' in version `bold'
(Font)                  OT1/lmtt/m/n --> T1/lmtt/m/n on input line 58.
LaTeX Font Info:    Overwriting symbol font `numbers' in version `bold'
(Font)                  T1/lmss/m/n --> T1/lmss/bx/n on input line 58.
LaTeX Font Info:    Overwriting symbol font `pureletters' in version `bold'
(Font)                  T1/lmss/m/it --> T1/lmss/bx/it on input line 58.
LaTeX Font Info:    Overwriting math alphabet `\mathrm' in version `bold'
(Font)                  OT1/lmss/bx/n --> T1/lmr/bx/n on input line 58.
LaTeX Font Info:    Overwriting math alphabet `\mathbf' in version `bold'
(Font)                  T1/lmss/bx/n --> T1/lmss/bx/n on input line 58.
LaTeX Font Info:    Overwriting math alphabet `\mathsf' in version `bold'
(Font)                  T1/lmss/m/n --> T1/lmss/bx/n on input line 58.
LaTeX Font Info:    Overwriting math alphabet `\mathit' in version `bold'
(Font)                  T1/lmss/m/it --> T1/lmss/bx/it on input line 58.
LaTeX Font Info:    Overwriting math alphabet `\mathtt' in version `bold'
(Font)                  T1/lmtt/m/n --> T1/lmtt/bx/n on input line 58.

(/usr/share/texlive/texmf-dist/tex/latex/beamer/translator/dicts/translator-bas
ic-dictionary/translator-basic-dictionary-English.dict
Dictionary: translator-basic-dictionary, Language: English 
)
(/usr/share/texlive/texmf-dist/tex/latex/beamer/translator/dicts/translator-bib
liography-dictionary/translator-bibliography-dictionary-English.dict
Dictionary: translator-bibliography-dictionary, Language: English 
)
(/usr/share/texlive/texmf-dist/tex/latex/beamer/translator/dicts/translator-env
ironment-dictionary/translator-environment-dictionary-English.dict
Dictionary: translator-environment-dictionary, Language: English 
)
(/usr/share/texlive/texmf-dist/tex/latex/beamer/translator/dicts/translator-mon
ths-dictionary/translator-months-dictionary-English.dict
Dictionary: translator-months-dictionary, Language: English 
)
(/usr/share/texlive/texmf-dist/tex/latex/beamer/translator/dicts/translator-num
bers-dictionary/translator-numbers-dictionary-English.dict
Dictionary: translator-numbers-dictionary, Language: English 
)
(/usr/share/texlive/texmf-dist/tex/latex/beamer/translator/dicts/translator-the
orem-dictionary/translator-theorem-dictionary-English.dict
Dictionary: translator-theorem-dictionary, Language: English 
)
LaTeX Info: Redefining \includegraphics on input line 58.
 (./rms_slides2.nav)

Package hyperref Warning: Option `pdfauthor' has already been used,
(hyperref)                setting the option has no effect on input line 65.

<fig/trimlogo.jpg, id=38, 233.87375pt x 162.6075pt>
File: fig/trimlogo.jpg Graphic file (type jpg)
 <use fig/trimlogo.jpg>
Package pdftex.def Info: fig/trimlogo.jpg used on input line 71.
(pdftex.def)             Requested size: 61.38385pt x 42.67912pt.

<fig/uedinlogo.png, id=39, 150.5625pt x 151.56625pt>
File: fig/uedinlogo.png Graphic file (type png)
 <use fig/uedinlogo.png>
Package pdftex.def Info: fig/uedinlogo.png used on input line 71.
(pdftex.def)             Requested size: 42.39613pt x 42.67912pt.

<fig/eclogo.png, id=41, 172.645pt x 119.44624pt>
File: fig/eclogo.png Graphic file (type png)
 <use fig/eclogo.png>
Package pdftex.def Info: fig/eclogo.png used on input line 71.
(pdftex.def)             Requested size: 61.68587pt x 42.67912pt.
 [1{/var/lib/texmf/fonts/map/pdftex/updmap/pdftex.map}

 <./fig/trimlogo.jpg> <./fig/uedinlogo.png> <./fig/eclogo.png>] [2

 <./fig/uedinlogo.png>]
</home/radim/Documents/proj/TrimBot/Challenge2018/testing/clear_0288/vcam_0/vca
m_0_f00001_undist.png, id=78, 642.4pt x 481.8pt>
File: /home/radim/Documents/proj/TrimBot/Challenge2018/testing/clear_0288/vcam_
0/vcam_0_f00001_undist.png Graphic file (type png)

<use /home/radim/Documents/proj/TrimBot/Challenge2018/testing/clear_0288/vcam_0
/vcam_0_f00001_undist.png>
Package pdftex.def Info: /home/radim/Documents/proj/TrimBot/Challenge2018/testi
ng/clear_0288/vcam_0/vcam_0_f00001_undist.png used on input line 99.
(pdftex.def)             Requested size: 113.80379pt x 85.35826pt.
LaTeX Font Info:    Try loading font information for OT1+lmss on input line 99.

 (/usr/share/texmf/tex/latex/lm/ot1lmss.fd
File: ot1lmss.fd 2009/10/30 v1.6 Font defs for Latin Modern
)
LaTeX Font Info:    Try loading font information for OML+lmm on input line 99.

(/usr/share/texmf/tex/latex/lm/omllmm.fd
File: omllmm.fd 2009/10/30 v1.6 Font defs for Latin Modern
)
LaTeX Font Info:    Try loading font information for OMS+lmsy on input line 99.


(/usr/share/texmf/tex/latex/lm/omslmsy.fd
File: omslmsy.fd 2009/10/30 v1.6 Font defs for Latin Modern
)
LaTeX Font Info:    Try loading font information for OMX+lmex on input line 99.


(/usr/share/texmf/tex/latex/lm/omxlmex.fd
File: omxlmex.fd 2009/10/30 v1.6 Font defs for Latin Modern
)
LaTeX Font Info:    External font `lmex10' loaded for size
(Font)              <10.95> on input line 99.
LaTeX Font Info:    External font `lmex10' loaded for size
(Font)              <8> on input line 99.
LaTeX Font Info:    External font `lmex10' loaded for size
(Font)              <6> on input line 99.
LaTeX Font Info:    Try loading font information for U+msa on input line 99.

(/usr/share/texlive/texmf-dist/tex/latex/amsfonts/umsa.fd
File: umsa.fd 2013/01/14 v3.01 AMS symbols A
)
LaTeX Font Info:    Try loading font information for U+msb on input line 99.

(/usr/share/texlive/texmf-dist/tex/latex/amsfonts/umsb.fd
File: umsb.fd 2013/01/14 v3.01 AMS symbols B
)
LaTeX Font Info:    Font shape `T1/lmss/m/it' in size <10.95> not available
(Font)              Font shape `T1/lmss/m/sl' tried instead on input line 99.
LaTeX Font Info:    Font shape `T1/lmss/m/it' in size <8> not available
(Font)              Font shape `T1/lmss/m/sl' tried instead on input line 99.
LaTeX Font Info:    Font shape `T1/lmss/m/it' in size <6> not available
(Font)              Font shape `T1/lmss/m/sl' tried instead on input line 99.

</home/radim/Documents/proj/TrimBot/Challenge2018/results/HAB/HAB_0288.png, id=
79, 1472.50125pt x 978.65625pt>
File: /home/radim/Documents/proj/TrimBot/Challenge2018/results/HAB/HAB_0288.png
 Graphic file (type png)

<use /home/radim/Documents/proj/TrimBot/Challenge2018/results/HAB/HAB_0288.png>
Package pdftex.def Info: /home/radim/Documents/proj/TrimBot/Challenge2018/resul
ts/HAB/HAB_0288.png used on input line 99.
(pdftex.def)             Requested size: 128.43011pt x 85.35826pt.
[3

 </home/radim/Documents/proj/TrimBot/Challenge2018/testing/clear_0288/vcam_0/vc
am_0_f00001_undist.png (PNG copy)> </home/radim/Documents/proj/TrimBot/Challeng
e2018/results/HAB/HAB_0288.png>]
</home/radim/Documents/proj/TrimBot/Challenge2018/testing/cams-288-top.png, id=
91, 1460.45625pt x 1482.53876pt>
File: /home/radim/Documents/proj/TrimBot/Challenge2018/testing/cams-288-top.png
 Graphic file (type png)

<use /home/radim/Documents/proj/TrimBot/Challenge2018/testing/cams-288-top.png>
Package pdftex.def Info: /home/radim/Documents/proj/TrimBot/Challenge2018/testi
ng/cams-288-top.png used on input line 135.
(pdftex.def)             Requested size: 113.81102pt x 115.52898pt.
[4

 </home/radim/Documents/proj/TrimBot/Challenge2018/testing/cams-288-top.png>] <
cam_integration.jpg, id=102, 815.045pt x 737.75626pt>
File: cam_integration.jpg Graphic file (type jpg)

<use cam_integration.jpg>
Package pdftex.def Info: cam_integration.jpg used on input line 150.
(pdftex.def)             Requested size: 122.91406pt x 111.2553pt.
 <cam_setup_3.png, id=103, 1326.9575pt x 1258.7025pt>
File: cam_setup_3.png Graphic file (type png)

<use cam_setup_3.png>
Package pdftex.def Info: cam_setup_3.png used on input line 150.
(pdftex.def)             Requested size: 122.91406pt x 116.5818pt.
 [5

 <./cam_integration.jpg> <./cam_setup_3.png>]
</home/radim/Documents/proj/TrimBot/Challenge2018/training/overcast_0001/vcam_0
/vcam_0_f00001_over.png, id=114, 642.4pt x 481.8pt>
File: /home/radim/Documents/proj/TrimBot/Challenge2018/training/overcast_0001/v
cam_0/vcam_0_f00001_over.png Graphic file (type png)

<use /home/radim/Documents/proj/TrimBot/Challenge2018/training/overcast_0001/vc
am_0/vcam_0_f00001_over.png>
Package pdftex.def Info: /home/radim/Documents/proj/TrimBot/Challenge2018/train
ing/overcast_0001/vcam_0/vcam_0_f00001_over.png used on input line 180.
(pdftex.def)             Requested size: 142.26378pt x 106.69473pt.

</home/radim/Documents/proj/TrimBot/Challenge2018/training/overcast_0001/vcam_0
/vcam_0_f00001_dmap.png, id=115, 642.4pt x 481.8pt>
File: /home/radim/Documents/proj/TrimBot/Challenge2018/training/overcast_0001/v
cam_0/vcam_0_f00001_dmap.png Graphic file (type png)

<use /home/radim/Documents/proj/TrimBot/Challenge2018/training/overcast_0001/vc
am_0/vcam_0_f00001_dmap.png>
Package pdftex.def Info: /home/radim/Documents/proj/TrimBot/Challenge2018/train
ing/overcast_0001/vcam_0/vcam_0_f00001_dmap.png used on input line 180.
(pdftex.def)             Requested size: 142.26378pt x 106.69473pt.

Overfull \vbox (6.213pt too high) detected at line 180
 []

[6

 </home/radim/Documents/proj/TrimBot/Challenge2018/training/overcast_0001/vcam_
0/vcam_0_f00001_over.png (PNG copy)> </home/radim/Documents/proj/TrimBot/Challe
nge2018/training/overcast_0001/vcam_0/vcam_0_f00001_dmap.png (PNG copy)>]
</home/radim/Documents/proj/TrimBot/Challenge2018/gt/model_10mm_0001_rgb.png, i
d=125, 666.69075pt x 494.44725pt>
File: /home/radim/Documents/proj/TrimBot/Challenge2018/gt/model_10mm_0001_rgb.p
ng Graphic file (type png)

<use /home/radim/Documents/proj/TrimBot/Challenge2018/gt/model_10mm_0001_rgb.pn
g>
Package pdftex.def Info: /home/radim/Documents/proj/TrimBot/Challenge2018/gt/mo
del_10mm_0001_rgb.png used on input line 190.
(pdftex.def)             Requested size: 122.91406pt x 91.15443pt.

</home/radim/Documents/proj/TrimBot/Challenge2018/gt/model_10mm_0128_rgb.png, i
d=127, 666.69075pt x 494.44725pt>
File: /home/radim/Documents/proj/TrimBot/Challenge2018/gt/model_10mm_0128_rgb.p
ng Graphic file (type png)

<use /home/radim/Documents/proj/TrimBot/Challenge2018/gt/model_10mm_0128_rgb.pn
g>
Package pdftex.def Info: /home/radim/Documents/proj/TrimBot/Challenge2018/gt/mo
del_10mm_0128_rgb.png used on input line 190.
(pdftex.def)             Requested size: 122.91406pt x 91.15443pt.

</home/radim/Documents/proj/TrimBot/Challenge2018/gt/model_10mm_0160_rgb.png, i
d=129, 666.69075pt x 494.44725pt>
File: /home/radim/Documents/proj/TrimBot/Challenge2018/gt/model_10mm_0160_rgb.p
ng Graphic file (type png)

<use /home/radim/Documents/proj/TrimBot/Challenge2018/gt/model_10mm_0160_rgb.pn
g>
Package pdftex.def Info: /home/radim/Documents/proj/TrimBot/Challenge2018/gt/mo
del_10mm_0160_rgb.png used on input line 190.
(pdftex.def)             Requested size: 122.91406pt x 91.15443pt.

</home/radim/Documents/proj/TrimBot/Challenge2018/gt/model_10mm_0224_rgb.png, i
d=131, 666.69075pt x 494.44725pt>
File: /home/radim/Documents/proj/TrimBot/Challenge2018/gt/model_10mm_0224_rgb.p
ng Graphic file (type png)

<use /home/radim/Documents/proj/TrimBot/Challenge2018/gt/model_10mm_0224_rgb.pn
g>
Package pdftex.def Info: /home/radim/Documents/proj/TrimBot/Challenge2018/gt/mo
del_10mm_0224_rgb.png used on input line 190.
(pdftex.def)             Requested size: 122.91406pt x 91.15443pt.
 [7

 </home/radim/Documents/proj/TrimBot/Challenge2018/gt/model_10mm_0001_rgb.png (
PNG copy)> </home/radim/Documents/proj/TrimBot/Challenge2018/gt/model_10mm_0128
_rgb.png (PNG copy)> </home/radim/Documents/proj/TrimBot/Challenge2018/gt/model
_10mm_0160_rgb.png (PNG copy)> </home/radim/Documents/proj/TrimBot/Challenge201
8/gt/model_10mm_0224_rgb.png (PNG copy)>]
</home/radim/Documents/proj/TrimBot/Challenge2018/gt/model_10mm_0001_sem.png, i
d=147, 666.69075pt x 494.44725pt>
File: /home/radim/Documents/proj/TrimBot/Challenge2018/gt/model_10mm_0001_sem.p
ng Graphic file (type png)

<use /home/radim/Documents/proj/TrimBot/Challenge2018/gt/model_10mm_0001_sem.pn
g>
Package pdftex.def Info: /home/radim/Documents/proj/TrimBot/Challenge2018/gt/mo
del_10mm_0001_sem.png used on input line 200.
(pdftex.def)             Requested size: 122.91406pt x 91.15443pt.

</home/radim/Documents/proj/TrimBot/Challenge2018/gt/model_10mm_0128_sem.png, i
d=149, 666.69075pt x 494.44725pt>
File: /home/radim/Documents/proj/TrimBot/Challenge2018/gt/model_10mm_0128_sem.p
ng Graphic file (type png)

<use /home/radim/Documents/proj/TrimBot/Challenge2018/gt/model_10mm_0128_sem.pn
g>
Package pdftex.def Info: /home/radim/Documents/proj/TrimBot/Challenge2018/gt/mo
del_10mm_0128_sem.png used on input line 200.
(pdftex.def)             Requested size: 122.91406pt x 91.15443pt.

</home/radim/Documents/proj/TrimBot/Challenge2018/gt/model_10mm_0160_sem.png, i
d=151, 666.69075pt x 494.44725pt>
File: /home/radim/Documents/proj/TrimBot/Challenge2018/gt/model_10mm_0160_sem.p
ng Graphic file (type png)

<use /home/radim/Documents/proj/TrimBot/Challenge2018/gt/model_10mm_0160_sem.pn
g>
Package pdftex.def Info: /home/radim/Documents/proj/TrimBot/Challenge2018/gt/mo
del_10mm_0160_sem.png used on input line 200.
(pdftex.def)             Requested size: 122.91406pt x 91.15443pt.

</home/radim/Documents/proj/TrimBot/Challenge2018/gt/model_10mm_0224_sem.png, i
d=153, 666.69075pt x 494.44725pt>
File: /home/radim/Documents/proj/TrimBot/Challenge2018/gt/model_10mm_0224_sem.p
ng Graphic file (type png)

<use /home/radim/Documents/proj/TrimBot/Challenge2018/gt/model_10mm_0224_sem.pn
g>
Package pdftex.def Info: /home/radim/Documents/proj/TrimBot/Challenge2018/gt/mo
del_10mm_0224_sem.png used on input line 200.
(pdftex.def)             Requested size: 122.91406pt x 91.15443pt.
 [8

 </home/radim/Documents/proj/TrimBot/Challenge2018/gt/model_10mm_0001_sem.png (
PNG copy)> </home/radim/Documents/proj/TrimBot/Challenge2018/gt/model_10mm_0128
_sem.png (PNG copy)> </home/radim/Documents/proj/TrimBot/Challenge2018/gt/model
_10mm_0160_sem.png (PNG copy)> </home/radim/Documents/proj/TrimBot/Challenge201
8/gt/model_10mm_0224_sem.png (PNG copy)>]
</home/radim/Documents/proj/TrimBot/Challenge2018/gt/model_10mm_0288.png, id=16
8, 723.30225pt x 494.44725pt>
File: /home/radim/Documents/proj/TrimBot/Challenge2018/gt/model_10mm_0288.png G
raphic file (type png)

<use /home/radim/Documents/proj/TrimBot/Challenge2018/gt/model_10mm_0288.png>
Package pdftex.def Info: /home/radim/Documents/proj/TrimBot/Challenge2018/gt/mo
del_10mm_0288.png used on input line 207.
(pdftex.def)             Requested size: 307.28987pt x 210.06563pt.

Overfull \vbox (17.22665pt too high) detected at line 207
 []

[9

 </home/radim/Documents/proj/TrimBot/Challenge2018/gt/model_10mm_0288.png (PNG 
copy)>]
</home/radim/Documents/proj/TrimBot/Challenge2018/gt/model_10mm_real.png, id=17
8, 820.2645pt x 494.44725pt>
File: /home/radim/Documents/proj/TrimBot/Challenge2018/gt/model_10mm_real.png G
raphic file (type png)

<use /home/radim/Documents/proj/TrimBot/Challenge2018/gt/model_10mm_real.png>
Package pdftex.def Info: /home/radim/Documents/proj/TrimBot/Challenge2018/gt/mo
del_10mm_real.png used on input line 212.
(pdftex.def)             Requested size: 307.28987pt x 185.22864pt.

[10

 </home/radim/Documents/proj/TrimBot/Challenge2018/gt/model_10mm_real.png (PNG 
copy)>]
</home/radim/Documents/proj/TrimBot/Challenge2018/results/dtis/dtis_0288.png, i
d=189, 1396.21625pt x 978.65625pt>
File: /home/radim/Documents/proj/TrimBot/Challenge2018/results/dtis/dtis_0288.p
ng Graphic file (type png)

<use /home/radim/Documents/proj/TrimBot/Challenge2018/results/dtis/dtis_0288.pn
g>
Package pdftex.def Info: /home/radim/Documents/proj/TrimBot/Challenge2018/resul
ts/dtis/dtis_0288.png used on input line 221.
(pdftex.def)             Requested size: 153.64493pt x 107.68239pt.
File: /home/radim/Documents/proj/TrimBot/Challenge2018/gt/model_10mm_0288.png G
raphic file (type png)

<use /home/radim/Documents/proj/TrimBot/Challenge2018/gt/model_10mm_0288.png>
Package pdftex.def Info: /home/radim/Documents/proj/TrimBot/Challenge2018/gt/mo
del_10mm_0288.png used on input line 221.
(pdftex.def)             Requested size: 153.64493pt x 105.02904pt.

Overfull \hbox (23.99998pt too wide) in paragraph at lines 221--221
[][]  
 []

[11

 </home/radim/Documents/proj/TrimBot/Challenge2018/results/dtis/dtis_0288.png>]
File: /home/radim/Documents/proj/TrimBot/Challenge2018/results/HAB/HAB_0288.png
 Graphic file (type png)

<use /home/radim/Documents/proj/TrimBot/Challenge2018/results/HAB/HAB_0288.png>
Package pdftex.def Info: /home/radim/Documents/proj/TrimBot/Challenge2018/resul
ts/HAB/HAB_0288.png used on input line 229.
(pdftex.def)             Requested size: 153.64493pt x 102.11235pt.
File: /home/radim/Documents/proj/TrimBot/Challenge2018/gt/model_10mm_0288.png G
raphic file (type png)
<use /home/radim/Documents/proj/TrimBot/Challenge2018/gt/model_10mm_0288.png>
Package pdftex.def Info: /home/radim/Documents/proj/TrimBot/Challenge2018/gt/mo
del_10mm_0288.png used on input line 229.
(pdftex.def)             Requested size: 153.64493pt x 105.02904pt.

Overfull \hbox (23.99998pt too wide) in paragraph at lines 229--229
[][]  
 []

[12

]
</home/radim/Documents/proj/TrimBot/Challenge2018/results/lapsi360/lapsi360_028
8.png, id=216, 1327.96124pt x 978.65625pt>
File: /home/radim/Documents/proj/TrimBot/Challenge2018/results/lapsi360/lapsi36
0_0288.png Graphic file (type png)

<use /home/radim/Documents/proj/TrimBot/Challenge2018/results/lapsi360/lapsi360
_0288.png>
Package pdftex.def Info: /home/radim/Documents/proj/TrimBot/Challenge2018/resul
ts/lapsi360/lapsi360_0288.png used on input line 237.
(pdftex.def)             Requested size: 153.64493pt x 113.22255pt.
File: /home/radim/Documents/proj/TrimBot/Challenge2018/gt/model_10mm_0288.png G
raphic file (type png)

<use /home/radim/Documents/proj/TrimBot/Challenge2018/gt/model_10mm_0288.png>
Package pdftex.def Info: /home/radim/Documents/proj/TrimBot/Challenge2018/gt/mo
del_10mm_0288.png used on input line 237.
(pdftex.def)             Requested size: 153.64493pt x 105.02904pt.

Overfull \hbox (23.99998pt too wide) in paragraph at lines 237--237
[][]  
 []

[13

 </home/radim/Documents/proj/TrimBot/Challenge2018/results/lapsi360/lapsi360_02
88.png>]
LaTeX Font Info:    External font `lmex10' loaded for size
(Font)              <10> on input line 263.
LaTeX Font Info:    External font `lmex10' loaded for size
(Font)              <7> on input line 263.
LaTeX Font Info:    External font `lmex10' loaded for size
(Font)              <5> on input line 263.
LaTeX Font Info:    Font shape `T1/lmss/m/it' in size <10> not available
(Font)              Font shape `T1/lmss/m/sl' tried instead on input line 263.
LaTeX Font Info:    Font shape `T1/lmss/m/it' in size <7> not available
(Font)              Font shape `T1/lmss/m/sl' tried instead on input line 263.
LaTeX Font Info:    Font shape `T1/lmss/m/it' in size <5> not available
(Font)              Font shape `T1/lmss/m/sl' tried instead on input line 263.
 [14

]
</home/radim/Documents/proj/TrimBot/Challenge2018/results/dtis/dtis_0288-acc.pn
g, id=242, 820.2645pt x 494.44725pt>
File: /home/radim/Documents/proj/TrimBot/Challenge2018/results/dtis/dtis_0288-a
cc.png Graphic file (type png)

<use /home/radim/Documents/proj/TrimBot/Challenge2018/results/dtis/dtis_0288-ac
c.png>
Package pdftex.def Info: /home/radim/Documents/proj/TrimBot/Challenge2018/resul
ts/dtis/dtis_0288-acc.png used on input line 281.
(pdftex.def)             Requested size: 92.1879pt x 55.56633pt.

</home/radim/Documents/proj/TrimBot/Challenge2018/results/HAB/HAB_0288-acc.png,
 id=244, 820.2645pt x 494.44725pt>
File: /home/radim/Documents/proj/TrimBot/Challenge2018/results/HAB/HAB_0288-acc
.png Graphic file (type png)

<use /home/radim/Documents/proj/TrimBot/Challenge2018/results/HAB/HAB_0288-acc.
png>
Package pdftex.def Info: /home/radim/Documents/proj/TrimBot/Challenge2018/resul
ts/HAB/HAB_0288-acc.png used on input line 281.
(pdftex.def)             Requested size: 92.1879pt x 55.56633pt.

</home/radim/Documents/proj/TrimBot/Challenge2018/results/colmap/colmap_0288-ac
c.png, id=246, 878.0805pt x 494.44725pt>
File: /home/radim/Documents/proj/TrimBot/Challenge2018/results/colmap/colmap_02
88-acc.png Graphic file (type png)

<use /home/radim/Documents/proj/TrimBot/Challenge2018/results/colmap/colmap_028
8-acc.png>
Package pdftex.def Info: /home/radim/Documents/proj/TrimBot/Challenge2018/resul
ts/colmap/colmap_0288-acc.png used on input line 281.
(pdftex.def)             Requested size: 92.1879pt x 51.90717pt.
LaTeX Font Info:    External font `lmex10' loaded for size
(Font)              <9> on input line 281.
LaTeX Font Info:    Font shape `T1/lmss/m/it' in size <9> not available
(Font)              Font shape `T1/lmss/m/sl' tried instead on input line 281.

</home/radim/Documents/proj/TrimBot/Challenge2018/results/dtis/dtis_0288-comp.p
ng, id=248, 820.2645pt x 494.44725pt>
File: /home/radim/Documents/proj/TrimBot/Challenge2018/results/dtis/dtis_0288-c
omp.png Graphic file (type png)

<use /home/radim/Documents/proj/TrimBot/Challenge2018/results/dtis/dtis_0288-co
mp.png>
Package pdftex.def Info: /home/radim/Documents/proj/TrimBot/Challenge2018/resul
ts/dtis/dtis_0288-comp.png used on input line 281.
(pdftex.def)             Requested size: 92.1879pt x 55.56633pt.

</home/radim/Documents/proj/TrimBot/Challenge2018/results/HAB/HAB_0288-comp.png
, id=250, 820.2645pt x 494.44725pt>
File: /home/radim/Documents/proj/TrimBot/Challenge2018/results/HAB/HAB_0288-com
p.png Graphic file (type png)

<use /home/radim/Documents/proj/TrimBot/Challenge2018/results/HAB/HAB_0288-comp
.png>
Package pdftex.def Info: /home/radim/Documents/proj/TrimBot/Challenge2018/resul
ts/HAB/HAB_0288-comp.png used on input line 281.
(pdftex.def)             Requested size: 92.1879pt x 55.56633pt.

</home/radim/Documents/proj/TrimBot/Challenge2018/results/colmap/colmap_0288-co
mp.png, id=252, 878.0805pt x 494.44725pt>
File: /home/radim/Documents/proj/TrimBot/Challenge2018/results/colmap/colmap_02
88-comp.png Graphic file (type png)

<use /home/radim/Documents/proj/TrimBot/Challenge2018/results/colmap/colmap_028
8-comp.png>
Package pdftex.def Info: /home/radim/Documents/proj/TrimBot/Challenge2018/resul
ts/colmap/colmap_0288-comp.png used on input line 281.
(pdftex.def)             Requested size: 92.1879pt x 51.90717pt.

Overfull \hbox (32.34106pt too wide) in paragraph at lines 281--281
[][] 
 []

[15

 </home/radim/Documents/proj/TrimBot/Challenge2018/results/dtis/dtis_0288-acc.p
ng (PNG copy)> </home/radim/Documents/proj/TrimBot/Challenge2018/results/HAB/HA
B_0288-acc.png (PNG copy)> </home/radim/Documents/proj/TrimBot/Challenge2018/re
sults/colmap/colmap_0288-acc.png (PNG copy)> </home/radim/Documents/proj/TrimBo
t/Challenge2018/results/dtis/dtis_0288-comp.png (PNG copy)> </home/radim/Docume
nts/proj/TrimBot/Challenge2018/results/HAB/HAB_0288-comp.png (PNG copy)> </home
/radim/Documents/proj/TrimBot/Challenge2018/results/colmap/colmap_0288-comp.png
 (PNG copy)>]
</home/radim/Documents/proj/TrimBot/Challenge2018/results/test-stats-acc.pdf, i
d=269, 599.23875pt x 682.55pt>
File: /home/radim/Documents/proj/TrimBot/Challenge2018/results/test-stats-acc.p
df Graphic file (type pdf)

<use /home/radim/Documents/proj/TrimBot/Challenge2018/results/test-stats-acc.pd
f>
Package pdftex.def Info: /home/radim/Documents/proj/TrimBot/Challenge2018/resul
ts/test-stats-acc.pdf used on input line 290.
(pdftex.def)             Requested size: 138.2795pt x 157.50394pt.

</home/radim/Documents/proj/TrimBot/Challenge2018/results/test-stats-comp.pdf, 
id=271, 599.23875pt x 682.55pt>
File: /home/radim/Documents/proj/TrimBot/Challenge2018/results/test-stats-comp.
pdf Graphic file (type pdf)

<use /home/radim/Documents/proj/TrimBot/Challenge2018/results/test-stats-comp.p
df>
Package pdftex.def Info: /home/radim/Documents/proj/TrimBot/Challenge2018/resul
ts/test-stats-comp.pdf used on input line 290.
(pdftex.def)             Requested size: 138.2795pt x 157.50394pt.
 [16

 </home/radim/Documents/proj/TrimBot/Challenge2018/results/test-stats-acc.pdf> 
</home/radim/Documents/proj/TrimBot/Challenge2018/results/test-stats-comp.pdf>]

</home/radim/Documents/proj/TrimBot/Challenge2018/results/real-stats-acc.pdf, i
d=300, 599.23875pt x 682.55pt>
File: /home/radim/Documents/proj/TrimBot/Challenge2018/results/real-stats-acc.p
df Graphic file (type pdf)

<use /home/radim/Documents/proj/TrimBot/Challenge2018/results/real-stats-acc.pd
f>
Package pdftex.def Info: /home/radim/Documents/proj/TrimBot/Challenge2018/resul
ts/real-stats-acc.pdf used on input line 299.
(pdftex.def)             Requested size: 138.2795pt x 157.50394pt.

</home/radim/Documents/proj/TrimBot/Challenge2018/results/real-stats-comp.pdf, 
id=302, 599.23875pt x 682.55pt>
File: /home/radim/Documents/proj/TrimBot/Challenge2018/results/real-stats-comp.
pdf Graphic file (type pdf)

<use /home/radim/Documents/proj/TrimBot/Challenge2018/results/real-stats-comp.p
df>
Package pdftex.def Info: /home/radim/Documents/proj/TrimBot/Challenge2018/resul
ts/real-stats-comp.pdf used on input line 299.
(pdftex.def)             Requested size: 138.2795pt x 157.50394pt.
 [17

 </home/radim/Documents/proj/TrimBot/Challenge2018/results/real-stats-acc.pdf> 
</home/radim/Documents/proj/TrimBot/Challenge2018/results/real-stats-comp.pdf>]

</home/radim/Documents/proj/TrimBot/Challenge2018/results/dtis/clear_0288/vcam_
0/vcam_0_f00001_proj.png, id=332, 642.4pt x 481.8pt>
File: /home/radim/Documents/proj/TrimBot/Challenge2018/results/dtis/clear_0288/
vcam_0/vcam_0_f00001_proj.png Graphic file (type png)

<use /home/radim/Documents/proj/TrimBot/Challenge2018/results/dtis/clear_0288/v
cam_0/vcam_0_f00001_proj.png>
Package pdftex.def Info: /home/radim/Documents/proj/TrimBot/Challenge2018/resul
ts/dtis/clear_0288/vcam_0/vcam_0_f00001_proj.png used on input line 318.
(pdftex.def)             Requested size: 92.1879pt x 69.13507pt.

</home/radim/Documents/proj/TrimBot/Challenge2018/results/HAB/clear_0288/vcam_0
/vcam_0_f00001_undist.png, id=334, 642.4pt x 481.8pt>
File: /home/radim/Documents/proj/TrimBot/Challenge2018/results/HAB/clear_0288/v
cam_0/vcam_0_f00001_undist.png Graphic file (type png)

<use /home/radim/Documents/proj/TrimBot/Challenge2018/results/HAB/clear_0288/vc
am_0/vcam_0_f00001_undist.png>
Package pdftex.def Info: /home/radim/Documents/proj/TrimBot/Challenge2018/resul
ts/HAB/clear_0288/vcam_0/vcam_0_f00001_undist.png used on input line 318.
(pdftex.def)             Requested size: 92.1879pt x 69.13507pt.

</home/radim/Documents/proj/TrimBot/Challenge2018/results/snfull-frImgNet/clear
_0288/vcam_0/vcam_0_f00001_undist_flip.png, id=336, 642.4pt x 481.8pt>
File: /home/radim/Documents/proj/TrimBot/Challenge2018/results/snfull-frImgNet/
clear_0288/vcam_0/vcam_0_f00001_undist_flip.png Graphic file (type png)

<use /home/radim/Documents/proj/TrimBot/Challenge2018/results/snfull-frImgNet/c
lear_0288/vcam_0/vcam_0_f00001_undist_flip.png>
Package pdftex.def Info: /home/radim/Documents/proj/TrimBot/Challenge2018/resul
ts/snfull-frImgNet/clear_0288/vcam_0/vcam_0_f00001_undist_flip.png used on inpu
t line 318.
(pdftex.def)             Requested size: 92.1879pt x 69.13507pt.

</home/radim/Documents/proj/TrimBot/Challenge2018/results/dtis/clear_0288/vcam_
0/vcam_0_f00001_proj_err.png, id=338, 642.4pt x 481.8pt>
File: /home/radim/Documents/proj/TrimBot/Challenge2018/results/dtis/clear_0288/
vcam_0/vcam_0_f00001_proj_err.png Graphic file (type png)

<use /home/radim/Documents/proj/TrimBot/Challenge2018/results/dtis/clear_0288/v
cam_0/vcam_0_f00001_proj_err.png>
Package pdftex.def Info: /home/radim/Documents/proj/TrimBot/Challenge2018/resul
ts/dtis/clear_0288/vcam_0/vcam_0_f00001_proj_err.png used on input line 318.
(pdftex.def)             Requested size: 92.1879pt x 69.13507pt.

</home/radim/Documents/proj/TrimBot/Challenge2018/results/HAB/clear_0288/vcam_0
/vcam_0_f00001_err.png, id=340, 642.4pt x 481.8pt>
File: /home/radim/Documents/proj/TrimBot/Challenge2018/results/HAB/clear_0288/v
cam_0/vcam_0_f00001_err.png Graphic file (type png)

<use /home/radim/Documents/proj/TrimBot/Challenge2018/results/HAB/clear_0288/vc
am_0/vcam_0_f00001_err.png>
Package pdftex.def Info: /home/radim/Documents/proj/TrimBot/Challenge2018/resul
ts/HAB/clear_0288/vcam_0/vcam_0_f00001_err.png used on input line 318.
(pdftex.def)             Requested size: 92.1879pt x 69.13507pt.

</home/radim/Documents/proj/TrimBot/Challenge2018/results/snfull-frImgNet/clear
_0288/vcam_0/vcam_0_f00001_err.png, id=342, 642.4pt x 481.8pt>
File: /home/radim/Documents/proj/TrimBot/Challenge2018/results/snfull-frImgNet/
clear_0288/vcam_0/vcam_0_f00001_err.png Graphic file (type png)

<use /home/radim/Documents/proj/TrimBot/Challenge2018/results/snfull-frImgNet/c
lear_0288/vcam_0/vcam_0_f00001_err.png>
Package pdftex.def Info: /home/radim/Documents/proj/TrimBot/Challenge2018/resul
ts/snfull-frImgNet/clear_0288/vcam_0/vcam_0_f00001_err.png used on input line 3
18.
(pdftex.def)             Requested size: 92.1879pt x 69.13507pt.

Overfull \hbox (24.87804pt too wide) in paragraph at lines 318--318
[][] 
 []

[18

 </home/radim/Documents/proj/TrimBot/Challenge2018/results/dtis/clear_0288/vcam
_0/vcam_0_f00001_proj.png> </home/radim/Documents/proj/TrimBot/Challenge2018/re
sults/HAB/clear_0288/vcam_0/vcam_0_f00001_undist.png> </home/radim/Documents/pr
oj/TrimBot/Challenge2018/results/snfull-frImgNet/clear_0288/vcam_0/vcam_0_f0000
1_undist_flip.png> </home/radim/Documents/proj/TrimBot/Challenge2018/results/dt
is/clear_0288/vcam_0/vcam_0_f00001_proj_err.png> </home/radim/Documents/proj/Tr
imBot/Challenge2018/results/HAB/clear_0288/vcam_0/vcam_0_f00001_err.png> </home
/radim/Documents/proj/TrimBot/Challenge2018/results/snfull-frImgNet/clear_0288/
vcam_0/vcam_0_f00001_err.png>]
</home/radim/Documents/proj/TrimBot/Challenge2018/gt/clear_0288/vcam_0/vcam_0_f
00001_gtr.png, id=365, 642.4pt x 481.8pt>
File: /home/radim/Documents/proj/TrimBot/Challenge2018/gt/clear_0288/vcam_0/vca
m_0_f00001_gtr.png Graphic file (type png)

<use /home/radim/Documents/proj/TrimBot/Challenge2018/gt/clear_0288/vcam_0/vcam
_0_f00001_gtr.png>
Package pdftex.def Info: /home/radim/Documents/proj/TrimBot/Challenge2018/gt/cl
ear_0288/vcam_0/vcam_0_f00001_gtr.png used on input line 337.
(pdftex.def)             Requested size: 92.1879pt x 69.13507pt.
File: /home/radim/Documents/proj/TrimBot/Challenge2018/gt/clear_0288/vcam_0/vca
m_0_f00001_gtr.png Graphic file (type png)

<use /home/radim/Documents/proj/TrimBot/Challenge2018/gt/clear_0288/vcam_0/vcam
_0_f00001_gtr.png>
Package pdftex.def Info: /home/radim/Documents/proj/TrimBot/Challenge2018/gt/cl
ear_0288/vcam_0/vcam_0_f00001_gtr.png used on input line 337.
(pdftex.def)             Requested size: 92.1879pt x 69.13507pt.
File: /home/radim/Documents/proj/TrimBot/Challenge2018/gt/clear_0288/vcam_0/vca
m_0_f00001_gtr.png Graphic file (type png)

<use /home/radim/Documents/proj/TrimBot/Challenge2018/gt/clear_0288/vcam_0/vcam
_0_f00001_gtr.png>
Package pdftex.def Info: /home/radim/Documents/proj/TrimBot/Challenge2018/gt/cl
ear_0288/vcam_0/vcam_0_f00001_gtr.png used on input line 337.
(pdftex.def)             Requested size: 92.1879pt x 69.13507pt.
File: /home/radim/Documents/proj/TrimBot/Challenge2018/results/dtis/clear_0288/
vcam_0/vcam_0_f00001_proj_err.png Graphic file (type png)

<use /home/radim/Documents/proj/TrimBot/Challenge2018/results/dtis/clear_0288/v
cam_0/vcam_0_f00001_proj_err.png>
Package pdftex.def Info: /home/radim/Documents/proj/TrimBot/Challenge2018/resul
ts/dtis/clear_0288/vcam_0/vcam_0_f00001_proj_err.png used on input line 337.
(pdftex.def)             Requested size: 92.1879pt x 69.13507pt.
File: /home/radim/Documents/proj/TrimBot/Challenge2018/results/HAB/clear_0288/v
cam_0/vcam_0_f00001_err.png Graphic file (type png)

<use /home/radim/Documents/proj/TrimBot/Challenge2018/results/HAB/clear_0288/vc
am_0/vcam_0_f00001_err.png>
Package pdftex.def Info: /home/radim/Documents/proj/TrimBot/Challenge2018/resul
ts/HAB/clear_0288/vcam_0/vcam_0_f00001_err.png used on input line 337.
(pdftex.def)             Requested size: 92.1879pt x 69.13507pt.
File: /home/radim/Documents/proj/TrimBot/Challenge2018/results/snfull-frImgNet/
clear_0288/vcam_0/vcam_0_f00001_err.png Graphic file (type png)

<use /home/radim/Documents/proj/TrimBot/Challenge2018/results/snfull-frImgNet/c
lear_0288/vcam_0/vcam_0_f00001_err.png>
Package pdftex.def Info: /home/radim/Documents/proj/TrimBot/Challenge2018/resul
ts/snfull-frImgNet/clear_0288/vcam_0/vcam_0_f00001_err.png used on input line 3
37.
(pdftex.def)             Requested size: 92.1879pt x 69.13507pt.

Overfull \hbox (24.87804pt too wide) in paragraph at lines 337--337
[][] 
 []

[19

 </home/radim/Documents/proj/TrimBot/Challenge2018/gt/clear_0288/vcam_0/vcam_0_
f00001_gtr.png>]
</home/radim/Documents/proj/TrimBot/Challenge2018/results/dtis/testp-sem-all-co
nf.pdf, id=389, 672.5125pt x 552.0625pt>
File: /home/radim/Documents/proj/TrimBot/Challenge2018/results/dtis/testp-sem-a
ll-conf.pdf Graphic file (type pdf)

<use /home/radim/Documents/proj/TrimBot/Challenge2018/results/dtis/testp-sem-al
l-conf.pdf>
Package pdftex.def Info: /home/radim/Documents/proj/TrimBot/Challenge2018/resul
ts/dtis/testp-sem-all-conf.pdf used on input line 351.
(pdftex.def)             Requested size: 92.1879pt x 75.67085pt.

</home/radim/Documents/proj/TrimBot/Challenge2018/results/HAB/test-sem-all-conf
.pdf, id=391, 680.5425pt x 561.09625pt>
File: /home/radim/Documents/proj/TrimBot/Challenge2018/results/HAB/test-sem-all
-conf.pdf Graphic file (type pdf)

<use /home/radim/Documents/proj/TrimBot/Challenge2018/results/HAB/test-sem-all-
conf.pdf>
Package pdftex.def Info: /home/radim/Documents/proj/TrimBot/Challenge2018/resul
ts/HAB/test-sem-all-conf.pdf used on input line 351.
(pdftex.def)             Requested size: 92.1879pt x 76.00157pt.

</home/radim/Documents/proj/TrimBot/Challenge2018/results/snfull-frImgNet/test-
sem-all-conf.pdf, id=393, 680.5425pt x 561.09625pt>
File: /home/radim/Documents/proj/TrimBot/Challenge2018/results/snfull-frImgNet/
test-sem-all-conf.pdf Graphic file (type pdf)

<use /home/radim/Documents/proj/TrimBot/Challenge2018/results/snfull-frImgNet/t
est-sem-all-conf.pdf>
Package pdftex.def Info: /home/radim/Documents/proj/TrimBot/Challenge2018/resul
ts/snfull-frImgNet/test-sem-all-conf.pdf used on input line 351.
(pdftex.def)             Requested size: 92.1879pt x 76.00157pt.

Overfull \hbox (5.27382pt too wide) in paragraph at lines 351--351
[][] 
 []

[20

 </home/radim/Documents/proj/TrimBot/Challenge2018/results/dtis/testp-sem-all-c
onf.pdf> </home/radim/Documents/proj/TrimBot/Challenge2018/results/HAB/test-sem
-all-conf.pdf> </home/radim/Documents/proj/TrimBot/Challenge2018/results/snfull
-frImgNet/test-sem-all-conf.pdf>]
</home/radim/Documents/proj/TrimBot/Challenge2018/results/dtis/test-sem-all-con
f.pdf, id=434, 671.50874pt x 552.0625pt>
File: /home/radim/Documents/proj/TrimBot/Challenge2018/results/dtis/test-sem-al
l-conf.pdf Graphic file (type pdf)

<use /home/radim/Documents/proj/TrimBot/Challenge2018/results/dtis/test-sem-all
-conf.pdf>
Package pdftex.def Info: /home/radim/Documents/proj/TrimBot/Challenge2018/resul
ts/dtis/test-sem-all-conf.pdf used on input line 365.
(pdftex.def)             Requested size: 92.1879pt x 75.78879pt.
File: /home/radim/Documents/proj/TrimBot/Challenge2018/results/HAB/test-sem-all
-conf.pdf Graphic file (type pdf)

<use /home/radim/Documents/proj/TrimBot/Challenge2018/results/HAB/test-sem-all-
conf.pdf>
Package pdftex.def Info: /home/radim/Documents/proj/TrimBot/Challenge2018/resul
ts/HAB/test-sem-all-conf.pdf used on input line 365.
(pdftex.def)             Requested size: 92.1879pt x 76.00157pt.
File: /home/radim/Documents/proj/TrimBot/Challenge2018/results/snfull-frImgNet/
test-sem-all-conf.pdf Graphic file (type pdf)

<use /home/radim/Documents/proj/TrimBot/Challenge2018/results/snfull-frImgNet/t
est-sem-all-conf.pdf>
Package pdftex.def Info: /home/radim/Documents/proj/TrimBot/Challenge2018/resul
ts/snfull-frImgNet/test-sem-all-conf.pdf used on input line 365.
(pdftex.def)             Requested size: 92.1879pt x 76.00157pt.

Overfull \hbox (5.27382pt too wide) in paragraph at lines 365--365
[][] 
 []

[21

 </home/radim/Documents/proj/TrimBot/Challenge2018/results/dtis/test-sem-all-co
nf.pdf>] [22

] [23

]
Overfull \hbox (12.0pt too wide) in paragraph at lines 437--437
[][]  
 []

[24

]
\tf@nav=\write6
\openout6 = `rms_slides2.nav'.

\tf@toc=\write7
\openout7 = `rms_slides2.toc'.

\tf@snm=\write8
\openout8 = `rms_slides2.snm'.

Package atveryend Info: Empty hook `BeforeClearDocument' on input line 439.
Package atveryend Info: Empty hook `AfterLastShipout' on input line 439.
 (./rms_slides2.aux)
Package atveryend Info: Executing hook `AtVeryEndDocument' on input line 439.
Package atveryend Info: Executing hook `AtEndAfterFileList' on input line 439.
Package rerunfilecheck Info: File `rms_slides2.out' has not changed.
(rerunfilecheck)             Checksum: A282A0FFC03DCD6C0E3725EA2A567815;156.
Package atveryend Info: Empty hook `AtVeryVeryEnd' on input line 439.
 ) 
Here is how much of TeX's memory you used:
 18019 strings out of 494910
 352608 string characters out of 6179836
 410590 words of memory out of 5000000
 20739 multiletter control sequences out of 15000+600000
 81919 words of font info for 71 fonts, out of 8000000 for 9000
 36 hyphenation exceptions out of 8191
 48i,19n,59p,488b,730s stack positions out of 5000i,500n,10000p,200000b,80000s
{/usr/share/texmf/fonts/enc/dvips/lm/lm-ec.enc}{/usr/share/texmf/fonts/enc/dv
ips/lm/lm-mathsy.enc}</usr/share/texmf/fonts/type1/public/lm/lmss10.pfb></usr/s
hare/texmf/fonts/type1/public/lm/lmss12.pfb></usr/share/texmf/fonts/type1/publi
c/lm/lmss8.pfb></usr/share/texmf/fonts/type1/public/lm/lmssbx10.pfb></usr/share
/texmf/fonts/type1/public/lm/lmsso10.pfb></usr/share/texmf/fonts/type1/public/l
m/lmsy10.pfb></usr/share/texlive/texmf-dist/fonts/type1/public/amsfonts/symbols
/msam10.pfb>
Output written on rms_slides2.pdf (24 pages, 9739387 bytes).
PDF statistics:
 526 PDF objects out of 1000 (max. 8388607)
 350 compressed objects within 4 object streams
 52 named destinations out of 1000 (max. 500000)
 585 words of extra memory for PDF output out of 10000 (max. 10000000)

